accountbook/build/intermediates/manifest_merge_blame_file/debug/manifest-merger-blame-debug-report.txt
1<?xml version="1.0" encoding="utf-8"?>
2<manifest xmlns:android="http://schemas.android.com/apk/res/android"
3    xmlns:tools="http://schemas.android.com/tools"
4    package="com.example.accountbook" >
5
6    <uses-sdk android:minSdkVersion="21" />
6-->src\main\AndroidManifest.xml
7
8    <uses-permission android:name="android.permission.READ_SMS" />
8-->src\main\AndroidManifest.xml:5:5-67
8-->src\main\AndroidManifest.xml:5:22-64
9    <uses-permission
9-->src\main\AndroidManifest.xml:6:5-8:40
10        android:name="android.permission.WRITE_EXTERNAL_STORAGE"
10-->src\main\AndroidManifest.xml:7:9-65
11        tools:ignore="ScopedStorage" />
11-->src\main\AndroidManifest.xml:8:9-37
12    <uses-permission android:name="android.permission.READ_EXTERNAL_STORAGE" />
12-->src\main\AndroidManifest.xml:9:5-80
12-->src\main\AndroidManifest.xml:9:22-77
13
14    <application android:requestLegacyExternalStorage="true" >
14-->src\main\AndroidManifest.xml:11:5-22:19
14-->src\main\AndroidManifest.xml:11:18-61
15        <activity
15-->src\main\AndroidManifest.xml:12:9-16:66
16            android:name="com.example.accountbook.AccoutBookActivityO"
16-->src\main\AndroidManifest.xml:13:13-48
17            android:exported="false"
17-->src\main\AndroidManifest.xml:14:13-37
18            android:label="@string/title_activity_accout_book_o"
18-->src\main\AndroidManifest.xml:15:13-65
19            android:theme="@style/Theme.MyNotepad.NoActionBar" />
19-->src\main\AndroidManifest.xml:16:13-63
20        <activity
20-->src\main\AndroidManifest.xml:17:9-21:66
21            android:name="com.example.accountbook.accountBookActivity"
21-->src\main\AndroidManifest.xml:18:13-48
22            android:exported="true"
22-->src\main\AndroidManifest.xml:19:13-36
23            android:label="@string/title_activity_account_book"
23-->src\main\AndroidManifest.xml:20:13-64
24            android:theme="@style/Theme.MyNotepad.NoActionBar" />
24-->src\main\AndroidManifest.xml:21:13-63
25    </application>
26
27</manifest>